#
# There is insufficient memory for the Java Runtime Environment to continue.
# Native memory allocation (mmap) failed to map 536870912 bytes for G1 virtual space
# Possible reasons:
#   The system is out of physical RAM or swap space
#   The process is running with CompressedOops enabled, and the Java Heap may be blocking the growth of the native heap
# Possible solutions:
#   Reduce memory load on the system
#   Increase physical memory or swap space
#   Check if swap backing store is full
#   Decrease Java heap size (-Xmx/-Xms)
#   Decrease number of Java threads
#   Decrease Java thread stack sizes (-Xss)
#   Set larger code cache with -XX:ReservedCodeCacheSize=
#   JVM is running with Zero Based Compressed Oops mode in which the Java heap is
#     placed in the first 32GB address space. The Java Heap base address is the
#     maximum limit for the native heap growth. Please use -XX:HeapBaseMinAddress
#     to set the Java Heap base and to place the Java Heap above 32GB virtual address.
# This output file may be truncated or incomplete.
#
#  Out of Memory Error (os_windows.cpp:3466), pid=20868, tid=2220
#
# JRE version:  (16.0.1+9) (build )
# Java VM: Java HotSpot(TM) 64-Bit Server VM (16.0.1+9-24, mixed mode, sharing, tiered, compressed oops, compressed class ptrs, g1 gc, windows-amd64)
# No core dump will be written. Minidumps are not enabled by default on client versions of Windows
#

---------------  S U M M A R Y ------------

Command Line: -Dfile.encoding=Cp1252 -XX:+ShowCodeDetailsInExceptionMessages com.Todd.PhoneMain

Host: AMD Ryzen 7 3800X 8-Core Processor             , 16 cores, 31G,  Windows 10 , 64 bit Build 19041 (10.0.19041.1023)
Time: Sun Aug  8 18:18:03 2021 Pacific Daylight Time elapsed time: 0.043754 seconds (0d 0h 0m 0s)

---------------  T H R E A D  ---------------

Current thread (0x000001c95a9e8460):  JavaThread "Unknown thread" [_thread_in_vm, id=2220, stack(0x00000010b7400000,0x00000010b7500000)]

Stack: [0x00000010b7400000,0x00000010b7500000]
Native frames: (J=compiled Java code, j=interpreted, Vv=VM code, C=native code)
V  [jvm.dll+0x6687ca]
V  [jvm.dll+0x7ca3c9]
V  [jvm.dll+0x7cbb53]
V  [jvm.dll+0x7cc1b3]
V  [jvm.dll+0x242ea5]
V  [jvm.dll+0x665589]
V  [jvm.dll+0x65a175]
V  [jvm.dll+0x2fc5ab]
V  [jvm.dll+0x3037a6]
V  [jvm.dll+0x352fee]
V  [jvm.dll+0x35321f]
V  [jvm.dll+0x2d3618]
V  [jvm.dll+0x2d4854]
V  [jvm.dll+0x79ccb1]
V  [jvm.dll+0x360de1]
V  [jvm.dll+0x77a990]
V  [jvm.dll+0x3e55af]
V  [jvm.dll+0x3e7081]
C  [jli.dll+0x52fb]
C  [ucrtbase.dll+0x21bb2]
C  [KERNEL32.DLL+0x17034]
C  [ntdll.dll+0x52651]


---------------  P R O C E S S  ---------------

Threads class SMR info:
_java_thread_list=0x00007ff98c9bcbb8, length=0, elements={
}

Java Threads: ( => current thread )

Other Threads:
  0x000001c95aa5f430 GCTaskThread "GC Thread#0" [stack: 0x00000010b7500000,0x00000010b7600000] [id=34152]
  0x000001c95aa70c60 ConcurrentGCThread "G1 Main Marker" [stack: 0x00000010b7600000,0x00000010b7700000] [id=6776]
  0x000001c95aa71750 ConcurrentGCThread "G1 Conc#0" [stack: 0x00000010b7700000,0x00000010b7800000] [id=35656]

[error occurred during error reporting (printing all threads), id 0xc0000005, EXCEPTION_ACCESS_VIOLATION (0xc0000005) at pc=0x00007ff98c1944d7]

VM state: not at safepoint (not fully initialized)

VM Mutex/Monitor currently owned by a thread:  ([mutex/lock_event])
[0x000001c95a9e52e0] Heap_lock - owner thread: 0x000001c95a9e8460

Heap address: 0x0000000601400000, size: 8172 MB, Compressed Oops mode: Zero based, Oop shift amount: 3

CDS archive(s) mapped at: [0x0000000000000000-0x0000000000000000-0x0000000000000000), size 0, SharedBaseAddress: 0x0000000800000000, ArchiveRelocationMode: 0.
Narrow klass base: 0x0000000000000000, Narrow klass shift: 0, Narrow klass range: 0x0

GC Precious Log:
<Empty>

Heap:
 garbage-first heap   total 0K, used 0K [0x0000000601400000, 0x0000000800000000)
  region size 4096K, 0 young (0K), 0 survivors (0K)

[error occurred during error reporting (printing heap information), id 0xc0000005, EXCEPTION_ACCESS_VIOLATION (0xc0000005) at pc=0x00007ff98c5724ed]

GC Heap History (0 events):
No events

Deoptimization events (0 events):
No events

Classes unloaded (0 events):
No events

Classes redefined (0 events):
No events

Internal exceptions (0 events):
No events

Events (1 events):
Event: 0.040 Loaded shared library J:\Java\bin\java.dll


Dynamic libraries:
0x00007ff798490000 - 0x00007ff7984a0000 	J:\Java\bin\javaw.exe
0x00007ff9edef0000 - 0x00007ff9ee0e5000 	C:\Windows\SYSTEM32\ntdll.dll
0x00007ff9edc90000 - 0x00007ff9edd4d000 	C:\Windows\System32\KERNEL32.DLL
0x00007ff9eb950000 - 0x00007ff9ebc19000 	C:\Windows\System32\KERNELBASE.dll
0x00007ff9ebc20000 - 0x00007ff9ebd20000 	C:\Windows\System32\ucrtbase.dll
0x00007ff9e6140000 - 0x00007ff9e6159000 	J:\Java\bin\VCRUNTIME140.dll
0x00007ff9e7340000 - 0x00007ff9e7358000 	J:\Java\bin\jli.dll
0x00007ff9ec760000 - 0x00007ff9ec80c000 	C:\Windows\System32\ADVAPI32.dll
0x00007ff9ecce0000 - 0x00007ff9ecd7e000 	C:\Windows\System32\msvcrt.dll
0x00007ff9ec1c0000 - 0x00007ff9ec25b000 	C:\Windows\System32\sechost.dll
0x00007ff9ec630000 - 0x00007ff9ec75a000 	C:\Windows\System32\RPCRT4.dll
0x00007ff9ec9f0000 - 0x00007ff9ecb90000 	C:\Windows\System32\USER32.dll
0x00007ff9ebe90000 - 0x00007ff9ebeb2000 	C:\Windows\System32\win32u.dll
0x00007ff9daf40000 - 0x00007ff9db1da000 	C:\Windows\WinSxS\amd64_microsoft.windows.common-controls_6595b64144ccf1df_6.0.19041.1110_none_60b5254171f9507e\COMCTL32.dll
0x00007ff9ede80000 - 0x00007ff9edeaa000 	C:\Windows\System32\GDI32.dll
0x00007ff9ebd20000 - 0x00007ff9ebe2b000 	C:\Windows\System32\gdi32full.dll
0x00007ff9ebec0000 - 0x00007ff9ebf5d000 	C:\Windows\System32\msvcp_win.dll
0x00007ff9e2a40000 - 0x00007ff9e2a4a000 	C:\Windows\SYSTEM32\VERSION.dll
0x00007ff9edaf0000 - 0x00007ff9edb20000 	C:\Windows\System32\IMM32.DLL
0x00007ff9e73a0000 - 0x00007ff9e73ac000 	J:\Java\bin\vcruntime140_1.dll
0x00007ff9e60a0000 - 0x00007ff9e6131000 	J:\Java\bin\msvcp140.dll
0x00007ff98beb0000 - 0x00007ff98ca5b000 	J:\Java\bin\server\jvm.dll
0x00007ff9edb20000 - 0x00007ff9edb28000 	C:\Windows\System32\PSAPI.DLL
0x00007ff9dd440000 - 0x00007ff9dd467000 	C:\Windows\SYSTEM32\WINMM.dll
0x00007ff9d13c0000 - 0x00007ff9d13c9000 	C:\Windows\SYSTEM32\WSOCK32.dll
0x00007ff9ec260000 - 0x00007ff9ec2cb000 	C:\Windows\System32\WS2_32.dll
0x00007ff9e9580000 - 0x00007ff9e9592000 	C:\Windows\SYSTEM32\kernel.appcore.dll
0x00007ff9e7330000 - 0x00007ff9e733a000 	J:\Java\bin\jimage.dll
0x00007ff9dfe70000 - 0x00007ff9e0054000 	C:\Windows\SYSTEM32\DBGHELP.DLL
0x00007ff9ca160000 - 0x00007ff9ca18c000 	C:\Windows\SYSTEM32\dbgcore.DLL
0x00007ff9eb660000 - 0x00007ff9eb6e3000 	C:\Windows\System32\bcryptPrimitives.dll
0x00007ff9e5fb0000 - 0x00007ff9e5fd5000 	J:\Java\bin\java.dll

dbghelp: loaded successfully - version: 4.0.5 - missing functions: none
symbol engine: initialized successfully - sym options: 0x614 - pdb path: .;J:\Java\bin;C:\Windows\SYSTEM32;C:\Windows\WinSxS\amd64_microsoft.windows.common-controls_6595b64144ccf1df_6.0.19041.1110_none_60b5254171f9507e;J:\Java\bin\server

VM Arguments:
jvm_args: -Dfile.encoding=Cp1252 -XX:+ShowCodeDetailsInExceptionMessages 
java_command: com.Todd.PhoneMain
java_class_path (initial): C:\Users\Todd\eclipse-workspace\PhoneBookAttempt1\bin
Launcher Type: SUN_STANDARD

[Global flags]
     intx CICompilerCount                          = 12                                        {product} {ergonomic}
     uint ConcGCThreads                            = 3                                         {product} {ergonomic}
     uint G1ConcRefinementThreads                  = 13                                        {product} {ergonomic}
   size_t G1HeapRegionSize                         = 4194304                                   {product} {ergonomic}
    uintx GCDrainStackTargetSize                   = 64                                        {product} {ergonomic}
   size_t InitialHeapSize                          = 536870912                                 {product} {ergonomic}
   size_t MarkStackSize                            = 4194304                                   {product} {ergonomic}
   size_t MaxHeapSize                              = 8568963072                                {product} {ergonomic}
   size_t MinHeapDeltaBytes                        = 4194304                                   {product} {ergonomic}
   size_t MinHeapSize                              = 8388608                                   {product} {ergonomic}
    uintx NonNMethodCodeHeapSize                   = 7602480                                {pd product} {ergonomic}
    uintx NonProfiledCodeHeapSize                  = 122027880                              {pd product} {ergonomic}
    uintx ProfiledCodeHeapSize                     = 122027880                              {pd product} {ergonomic}
    uintx ReservedCodeCacheSize                    = 251658240                              {pd product} {ergonomic}
     bool SegmentedCodeCache                       = true                                      {product} {ergonomic}
     bool ShowCodeDetailsInExceptionMessages       = true                                   {manageable} {command line}
   size_t SoftMaxHeapSize                          = 8568963072                             {manageable} {ergonomic}
     bool UseCompressedClassPointers               = true                           {product lp64_product} {ergonomic}
     bool UseCompressedOops                        = true                           {product lp64_product} {ergonomic}
     bool UseG1GC                                  = true                                      {product} {ergonomic}
     bool UseLargePagesIndividualAllocation        = false                                  {pd product} {ergonomic}

Logging:
Log output configuration:
 #0: stdout all=warning uptime,level,tags
 #1: stderr all=off uptime,level,tags

Environment Variables:
PATH=C:\Program Files\Common Files\Oracle\Java\javapath;C:\Program Files (x86)\Razer Chroma SDK\bin;C:\Program Files\Razer Chroma SDK\bin;C:\Program Files (x86)\Razer\ChromaBroadcast\bin;C:\Program Files\Razer\ChromaBroadcast\bin;C:\Windows\system32;C:\Windows;C:\Windows\System32\Wbem;C:\Windows\System32\WindowsPowerShell\v1.0\;C:\Windows\System32\OpenSSH\;C:\Program Files\NVIDIA Corporation\NVIDIA NvDLISR;C:\Program Files (x86)\NVIDIA Corporation\PhysX\Common;C:\Program Files\Microsoft SQL Server\130\Tools\Binn\;C:\Program Files\Microsoft SQL Server\Client SDK\ODBC\170\Tools\Binn\;G:\Program Files (x86)\IncrediBuild;C:\Program Files\Git\cmd;C:\Users\Todd\AppData\Local\Microsoft\WindowsApps;C:\Users\Todd\.dotnet\tools;C:\Program Files\dotnet\;C:\Program Files (x86)\Microsoft SQL Server\110\Tools\Binn\;C:\Program Files\Microsoft SQL Server\110\Tools\Binn\;C:\Program Files\Microsoft SQL Server\110\DTS\Binn\;C:\Program Files (x86)\dotnet\;C:\Windows\system32\config\systemprofile\AppData\Local\Microsoft\WindowsApps;C:\Program Files\MySQL\MySQL Shell 8.0\bin\;C:\Users\Todd\AppData\Local\Microsoft\WindowsApps;C:\Users\Todd\AppData\Local\GitHubDesktop\bin;C:\Users\Todd\AppData\Local\atom\bin;C:\Users\Todd\.dotnet\tools;J:\Java\IntelliJ IDEA Community Edition 2021.1.1\bin;;J:\Microsoft VS Code\bin
USERNAME=Todd
OS=Windows_NT
PROCESSOR_IDENTIFIER=AMD64 Family 23 Model 113 Stepping 0, AuthenticAMD



---------------  S Y S T E M  ---------------

OS:
 Windows 10 , 64 bit Build 19041 (10.0.19041.1023)
OS uptime: 7 days 20:12 hours

CPU: total 16 (initial active 16) (16 cores per cpu, 2 threads per core) family 23 model 113 stepping 0 microcode 0x0, cx8, cmov, fxsr, ht, mmx, 3dnowpref, sse, sse2, sse3, ssse3, sse4a, sse4.1, sse4.2, popcnt, lzcnt, tsc, tscinvbit, avx, avx2, aes, clmul, bmi1, bmi2, adx, sha, fma, vzeroupper, clflush, clflushopt

Memory: 4k page, system-wide physical 32682M (16087M free)
TotalPageFile size 44389M (AvailPageFile size 337M)
current process WorkingSet (physical memory assigned to process): 10M, peak: 10M
current process commit charge ("private bytes"): 70M, peak: 582M

vm_info: Java HotSpot(TM) 64-Bit Server VM (16.0.1+9-24) for windows-amd64 JRE (16.0.1+9-24), built on Mar 26 2021 19:31:42 by "mach5one" with MS VC++ 16.7 (VS2019)

END.
